# JRE version: Java(TM) SE Runtime Environment (8.0_45-b14) (build 1.8.0_45-b14)
# Java VM: Java HotSpot(TM) 64-Bit Server VM (25.45-b02 mixed mode linux-amd64 compressed oops)
Heap:
 PSYoungGen      total 537088K, used 15952K [0x0000000718c00000, 0x000000073ad00000, 0x00000007c0000000)
  eden space 516096K, 0% used [0x0000000718c00000,0x0000000718c00000,0x0000000738400000)
  from space 20992K, 75% used [0x0000000738400000,0x0000000739394020,0x0000000739880000)
  to   space 20992K, 0% used [0x0000000739880000,0x0000000739880000,0x000000073ad00000)
 ParOldGen       total 343040K, used 72K [0x00000005ca400000, 0x00000005df300000, 0x0000000718c00000)
  object space 343040K, 0% used [0x00000005ca400000,0x00000005ca412000,0x00000005df300000)
 Metaspace       used 18760K, capacity 19536K, committed 19840K, reserved 1067008K
  class space    used 2099K, capacity 2330K, committed 2432K, reserved 1048576K
GC Heap History (9 events):
Event: 2.165 GC heap before
{Heap before GC invocations=1 (full 0):
 PSYoungGen      total 150016K, used 129024K [0x0000000718c00000, 0x0000000723300000, 0x00000007c0000000)
  eden space 129024K, 100% used [0x0000000718c00000,0x0000000720a00000,0x0000000720a00000)
  from space 20992K, 0% used [0x0000000721e80000,0x0000000721e80000,0x0000000723300000)
  to   space 20992K, 0% used [0x0000000720a00000,0x0000000720a00000,0x0000000721e80000)
 ParOldGen       total 343040K, used 0K [0x00000005ca400000, 0x00000005df300000, 0x0000000718c00000)
  object space 343040K, 0% used [0x00000005ca400000,0x00000005ca400000,0x00000005df300000)
 Metaspace       used 13684K, capacity 14030K, committed 14336K, reserved 1062912K
  class space    used 1629K, capacity 1727K, committed 1792K, reserved 1048576K
Event: 2.199 GC heap after
Heap after GC invocations=1 (full 0):
 PSYoungGen      total 150016K, used 12883K [0x0000000718c00000, 0x000000072b100000, 0x00000007c0000000)
  eden space 129024K, 0% used [0x0000000718c00000,0x0000000718c00000,0x0000000720a00000)
  from space 20992K, 61% used [0x0000000720a00000,0x0000000721694eb8,0x0000000721e80000)
  to   space 20992K, 0% used [0x0000000729c80000,0x0000000729c80000,0x000000072b100000)
 ParOldGen       total 343040K, used 24K [0x00000005ca400000, 0x00000005df300000, 0x0000000718c00000)
  object space 343040K, 0% used [0x00000005ca400000,0x00000005ca406000,0x00000005df300000)
 Metaspace       used 13684K, capacity 14030K, committed 14336K, reserved 1062912K
  class space    used 1629K, capacity 1727K, committed 1792K, reserved 1048576K
}
Event: 4.860 GC heap before
{Heap before GC invocations=2 (full 0):
 PSYoungGen      total 150016K, used 141907K [0x0000000718c00000, 0x000000072b100000, 0x00000007c0000000)
  eden space 129024K, 100% used [0x0000000718c00000,0x0000000720a00000,0x0000000720a00000)
  from space 20992K, 61% used [0x0000000720a00000,0x0000000721694eb8,0x0000000721e80000)
  to   space 20992K, 0% used [0x0000000729c80000,0x0000000729c80000,0x000000072b100000)
 ParOldGen       total 343040K, used 24K [0x00000005ca400000, 0x00000005df300000, 0x0000000718c00000)
  object space 343040K, 0% used [0x00000005ca400000,0x00000005ca406000,0x00000005df300000)
 Metaspace       used 16963K, capacity 17614K, committed 17920K, reserved 1064960K
  class space    used 1946K, capacity 2186K, committed 2304K, reserved 1048576K
Event: 4.959 GC heap after
Heap after GC invocations=2 (full 0):
 PSYoungGen      total 279040K, used 12195K [0x0000000718c00000, 0x000000072b100000, 0x00000007c0000000)
  eden space 258048K, 0% used [0x0000000718c00000,0x0000000718c00000,0x0000000728800000)
  from space 20992K, 58% used [0x0000000729c80000,0x000000072a868d20,0x000000072b100000)
  to   space 20992K, 0% used [0x0000000728800000,0x0000000728800000,0x0000000729c80000)
 ParOldGen       total 343040K, used 48K [0x00000005ca400000, 0x00000005df300000, 0x0000000718c00000)
  object space 343040K, 0% used [0x00000005ca400000,0x00000005ca40c000,0x00000005df300000)
 Metaspace       used 16963K, capacity 17614K, committed 17920K, reserved 1064960K
  class space    used 1946K, capacity 2186K, committed 2304K, reserved 1048576K
}
Event: 6.668 GC heap before
{Heap before GC invocations=3 (full 0):
 PSYoungGen      total 279040K, used 270243K [0x0000000718c00000, 0x000000072b100000, 0x00000007c0000000)
  eden space 258048K, 100% used [0x0000000718c00000,0x0000000728800000,0x0000000728800000)
  from space 20992K, 58% used [0x0000000729c80000,0x000000072a868d20,0x000000072b100000)
  to   space 20992K, 0% used [0x0000000728800000,0x0000000728800000,0x0000000729c80000)
 ParOldGen       total 343040K, used 48K [0x00000005ca400000, 0x00000005df300000, 0x0000000718c00000)
  object space 343040K, 0% used [0x00000005ca400000,0x00000005ca40c000,0x00000005df300000)
 Metaspace       used 18741K, capacity 19472K, committed 19840K, reserved 1067008K
  class space    used 2099K, capacity 2330K, committed 2432K, reserved 1048576K
Event: 6.892 GC heap after
Heap after GC invocations=3 (full 0):
 PSYoungGen      total 279040K, used 14015K [0x0000000718c00000, 0x000000073ad00000, 0x00000007c0000000)
  eden space 258048K, 0% used [0x0000000718c00000,0x0000000718c00000,0x0000000728800000)
  from space 20992K, 66% used [0x0000000728800000,0x00000007295afef8,0x0000000729c80000)
  to   space 20992K, 0% used [0x0000000739880000,0x0000000739880000,0x000000073ad00000)
 ParOldGen       total 343040K, used 56K [0x00000005ca400000, 0x00000005df300000, 0x0000000718c00000)
  object space 343040K, 0% used [0x00000005ca400000,0x00000005ca40e000,0x00000005df300000)
 Metaspace       used 18741K, capacity 19472K, committed 19840K, reserved 1067008K
  class space    used 2099K, capacity 2330K, committed 2432K, reserved 1048576K
}
Event: 7.237 GC heap before
{Heap before GC invocations=4 (full 0):
 PSYoungGen      total 279040K, used 272063K [0x0000000718c00000, 0x000000073ad00000, 0x00000007c0000000)
  eden space 258048K, 100% used [0x0000000718c00000,0x0000000728800000,0x0000000728800000)
  from space 20992K, 66% used [0x0000000728800000,0x00000007295afef8,0x0000000729c80000)
  to   space 20992K, 0% used [0x0000000739880000,0x0000000739880000,0x000000073ad00000)
 ParOldGen       total 343040K, used 56K [0x00000005ca400000, 0x00000005df300000, 0x0000000718c00000)
  object space 343040K, 0% used [0x00000005ca400000,0x00000005ca40e000,0x00000005df300000)
 Metaspace       used 18758K, capacity 19536K, committed 19840K, reserved 1067008K
  class space    used 2099K, capacity 2330K, committed 2432K, reserved 1048576K
Event: 7.258 GC heap after
Heap after GC invocations=4 (full 0):
 PSYoungGen      total 537088K, used 13552K [0x0000000718c00000, 0x000000073ad00000, 0x00000007c0000000)
  eden space 516096K, 0% used [0x0000000718c00000,0x0000000718c00000,0x0000000738400000)
  from space 20992K, 64% used [0x0000000739880000,0x000000073a5bc020,0x000000073ad00000)
  to   space 20992K, 0% used [0x0000000738400000,0x0000000738400000,0x0000000739880000)
 ParOldGen       total 343040K, used 64K [0x00000005ca400000, 0x00000005df300000, 0x0000000718c00000)
  object space 343040K, 0% used [0x00000005ca400000,0x00000005ca410000,0x00000005df300000)
 Metaspace       used 18758K, capacity 19536K, committed 19840K, reserved 1067008K
  class space    used 2099K, capacity 2330K, committed 2432K, reserved 1048576K
}
Event: 8.216 GC heap before
{Heap before GC invocations=5 (full 0):
 PSYoungGen      total 537088K, used 529648K [0x0000000718c00000, 0x000000073ad00000, 0x00000007c0000000)
  eden space 516096K, 100% used [0x0000000718c00000,0x0000000738400000,0x0000000738400000)
  from space 20992K, 64% used [0x0000000739880000,0x000000073a5bc020,0x000000073ad00000)
  to   space 20992K, 0% used [0x0000000738400000,0x0000000738400000,0x0000000739880000)
 ParOldGen       total 343040K, used 64K [0x00000005ca400000, 0x00000005df300000, 0x0000000718c00000)
  object space 343040K, 0% used [0x00000005ca400000,0x00000005ca410000,0x00000005df300000)
 Metaspace       used 18760K, capacity 19536K, committed 19840K, reserved 1067008K
  class space    used 2099K, capacity 2330K, committed 2432K, reserved 1048576K

